<?xml version="1.0" encoding="UTF-8"?>
<con:testCase id="e1b1ba7c-fac6-4b6e-be28-ccc43e813b96" discardOkResults="true" failOnError="false" failTestCaseOnErrors="true" keepSession="false" name="Test Case 1" searchProperties="true" timeout="0" xmlns:con="http://eviware.com/soapui/config">
  <con:settings>
    <con:setting id="e1b1ba7c-fac6-4b6e-be28-ccc43e813b96fileName">Test-Case-1</con:setting>
  </con:settings>
  <con:testStep type="restrequest" name="REST Request" id="82e42006-8515-436a-8a60-f07b227c276a">
    <con:settings/>
    <con:config service="Swagger Petstore" resourcePath="/v2/pet/{petId}" methodName="getPetById" xsi:type="con:RestRequestStep" xmlns:xsi="http://www.w3.org/2001/XMLSchema-instance">
      <con:restRequest name="REST Request" id="6815c034-14bc-46d4-94ae-6070b8c0a82a" mediaType="application/json">
        <con:settings>
          <con:setting id="com.eviware.soapui.impl.wsdl.WsdlRequest@request-headers">&lt;xml-fragment xmlns:con="http://eviware.com/soapui/config">
  &lt;con:entry key="password" value="${#Project#mcpassword}"/>
  &lt;con:entry key="username" value="${#Project#mcusername}"/>
&lt;/xml-fragment></con:setting>
        </con:settings>
        <con:endpoint>http://petstore.swagger.io</con:endpoint>
        <con:request/>
        <con:originalUri>https://petstore.swagger.io/v2/pet/1000</con:originalUri>
        <con:assertion type="Valid HTTP Status Codes" id="bfa673eb-9e8f-414f-aebf-80a6e6a5d302" name="Valid HTTP Status Codes">
          <con:settings/>
          <con:configuration>
            <codes>200</codes>
          </con:configuration>
        </con:assertion>
        <con:assertion type="Response SLA Assertion" id="0877c196-7d93-4431-b631-0d7ce40ff36b" name="Response SLA">
          <con:configuration>
            <SLA>200</SLA>
          </con:configuration>
        </con:assertion>
        <con:credentials>
          <con:selectedAuthProfile>No Authorization</con:selectedAuthProfile>
          <con:authType>No Authorization</con:authType>
        </con:credentials>
        <con:jmsConfig JMSDeliveryMode="PERSISTENT"/>
        <con:parameters>
          <con:entry key="petId" value="1000"/>
        </con:parameters>
      </con:restRequest>
    </con:config>
  </con:testStep>
  <con:properties/>
  <con:reportParameters/>
</con:testCase>
